<?xml version="1.0" encoding="UTF-8"?>
<testsuite xmlns:xsi="http://www.w3.org/2001/XMLSchema-instance" xsi:noNamespaceSchemaLocation="https://maven.apache.org/surefire/maven-surefire-plugin/xsd/surefire-test-report.xsd" version="3.0.2" name="com.user.api.controller.AuthControllerTest" time="8.752" tests="5" errors="0" skipped="0" failures="0">
  <properties>
[...]
</properties>
  <testcase name="login_failure_shouldReturnUnauthorized" classname="com.user.api.controller.AuthControllerTest" time="0.565">
    <system-out><![CDATA[15:42:02.649 [main] INFO org.springframework.test.context.support.AnnotationConfigContextLoaderUtils -- Could not detect default configuration classes for test class [com.user.api.controller.AuthControllerTest]: AuthControllerTest does not declare any static, non-private, non-final, nested classes annotated with @Configuration.
15:42:03.049 [main] INFO org.springframework.boot.test.context.SpringBootTestContextBootstrapper -- Found @SpringBootConfiguration com.user.api.UserCrudApplication for test class com.user.api.controller.AuthControllerTest
15:42:03.219 [main] INFO org.springframework.boot.devtools.restart.RestartApplicationListener -- Restart disabled due to context in which it is running
15:42:02,362 |-INFO in ch.qos.logback.classic.LoggerContext[default] - This is logback-classic version 1.5.16
15:42:02,365 |-INFO in ch.qos.logback.classic.util.ContextInitializer@770b3be0 - Here is a list of configurators discovered as a service, by rank: 
15:42:02,365 |-INFO in ch.qos.logback.classic.util.ContextInitializer@770b3be0 -   org.springframework.boot.logging.logback.RootLogLevelConfigurator
15:42:02,365 |-INFO in ch.qos.logback.classic.util.ContextInitializer@770b3be0 - They will be invoked in order until ExecutionStatus.DO_NOT_INVOKE_NEXT_IF_ANY is returned.
15:42:02,365 |-INFO in ch.qos.logback.classic.util.ContextInitializer@770b3be0 - Constructed configurator of type class org.springframework.boot.logging.logback.RootLogLevelConfigurator
15:42:02,381 |-INFO in ch.qos.logback.classic.util.ContextInitializer@770b3be0 - org.springframework.boot.logging.logback.RootLogLevelConfigurator.configure() call lasted 1 milliseconds. ExecutionStatus=INVOKE_NEXT_IF_ANY
15:42:02,381 |-INFO in ch.qos.logback.classic.util.ContextInitializer@770b3be0 - Trying to configure with ch.qos.logback.classic.joran.SerializedModelConfigurator
15:42:02,383 |-INFO in ch.qos.logback.classic.util.ContextInitializer@770b3be0 - Constructed configurator of type class ch.qos.logback.classic.joran.SerializedModelConfigurator
15:42:02,389 |-INFO in ch.qos.logback.classic.LoggerContext[default] - Could NOT find resource [logback-test.scmo]
15:42:02,390 |-INFO in ch.qos.logback.classic.LoggerContext[default] - Could NOT find resource [logback.scmo]
15:42:02,390 |-INFO in ch.qos.logback.classic.util.ContextInitializer@770b3be0 - ch.qos.logback.classic.joran.SerializedModelConfigurator.configure() call lasted 7 milliseconds. ExecutionStatus=INVOKE_NEXT_IF_ANY
15:42:02,390 |-INFO in ch.qos.logback.classic.util.ContextInitializer@770b3be0 - Trying to configure with ch.qos.logback.classic.util.DefaultJoranConfigurator
15:42:02,391 |-INFO in ch.qos.logback.classic.util.ContextInitializer@770b3be0 - Constructed configurator of type class ch.qos.logback.classic.util.DefaultJoranConfigurator
15:42:02,392 |-INFO in ch.qos.logback.classic.LoggerContext[default] - Could NOT find resource [logback-test.xml]
15:42:02,393 |-INFO in ch.qos.logback.classic.LoggerContext[default] - Could NOT find resource [logback.xml]
15:42:02,393 |-INFO in ch.qos.logback.classic.util.ContextInitializer@770b3be0 - ch.qos.logback.classic.util.DefaultJoranConfigurator.configure() call lasted 2 milliseconds. ExecutionStatus=INVOKE_NEXT_IF_ANY
15:42:02,393 |-INFO in ch.qos.logback.classic.util.ContextInitializer@770b3be0 - Trying to configure with ch.qos.logback.classic.BasicConfigurator
15:42:02,396 |-INFO in ch.qos.logback.classic.util.ContextInitializer@770b3be0 - Constructed configurator of type class ch.qos.logback.classic.BasicConfigurator
15:42:02,396 |-INFO in ch.qos.logback.classic.BasicConfigurator@1eb6e1c - Setting up default configuration.
15:42:02,427 |-INFO in ch.qos.logback.core.ConsoleAppender[console] - BEWARE: Writing to the console can be very slow. Avoid logging to the 
15:42:02,427 |-INFO in ch.qos.logback.core.ConsoleAppender[console] - console in production environments, especially in high volume systems.
15:42:02,427 |-INFO in ch.qos.logback.core.ConsoleAppender[console] - See also https://logback.qos.ch/codes.html#slowConsole
15:42:02,428 |-INFO in ch.qos.logback.classic.util.ContextInitializer@770b3be0 - ch.qos.logback.classic.BasicConfigurator.configure() call lasted 32 milliseconds. ExecutionStatus=NEUTRAL
15:42:03,929 |-INFO in ch.qos.logback.core.model.processor.ModelInterpretationContext@51dbd6e4 - value "logs/app.log" substituted for "${LOG_PATH}/app.log"
15:42:03,934 |-INFO in ch.qos.logback.classic.model.processor.ConfigurationModelHandlerFull - Registering a new ReconfigureOnChangeTask ReconfigureOnChangeTask(born:1743588723930)
15:42:03,936 |-INFO in ch.qos.logback.classic.model.processor.ConfigurationModelHandlerFull - Will scan for changes in [ConfigurationWatchList(mainURL=file:/C:/Users/pritam.singh/Desktop/usercrud/target/classes/logback-spring.xml, fileWatchList={C:\Users\pritam.singh\Desktop\usercrud\target\classes\logback-spring.xml}, urlWatchList=[})] 
15:42:03,936 |-INFO in ch.qos.logback.classic.model.processor.ConfigurationModelHandlerFull - Setting ReconfigureOnChangeTask scanning period to 10 seconds
15:42:03,946 |-INFO in ch.qos.logback.core.model.processor.AppenderModelHandler - Processing appender named [CONSOLE]
15:42:03,946 |-INFO in ch.qos.logback.core.model.processor.AppenderModelHandler - About to instantiate appender of type [ch.qos.logback.core.ConsoleAppender]
15:42:03,954 |-INFO in ch.qos.logback.core.model.processor.ImplicitModelHandler - Assuming default type [ch.qos.logback.classic.encoder.PatternLayoutEncoder] for [encoder] property
15:42:04,003 |-INFO in ch.qos.logback.core.ConsoleAppender[CONSOLE] - BEWARE: Writing to the console can be very slow. Avoid logging to the 
15:42:04,003 |-INFO in ch.qos.logback.core.ConsoleAppender[CONSOLE] - console in production environments, especially in high volume systems.
15:42:04,003 |-INFO in ch.qos.logback.core.ConsoleAppender[CONSOLE] - See also https://logback.qos.ch/codes.html#slowConsole
15:42:04,003 |-INFO in ch.qos.logback.core.model.processor.AppenderModelHandler - Processing appender named [ROLLING_FILE]
15:42:04,003 |-INFO in ch.qos.logback.core.model.processor.AppenderModelHandler - About to instantiate appender of type [ch.qos.logback.core.rolling.RollingFileAppender]
15:42:04,009 |-INFO in ch.qos.logback.core.model.processor.ModelInterpretationContext@51dbd6e4 - value "logs/app.log" substituted for "${LOG_FILE}"
15:42:04,013 |-INFO in ch.qos.logback.core.model.processor.ModelInterpretationContext@51dbd6e4 - value "logs/app.%d{yyyy-MM-dd}.log" substituted for "${LOG_PATH}/app.%d{yyyy-MM-dd}.log"
15:42:04,014 |-WARN in ch.qos.logback.core.model.processor.ImplicitModelHandler - Ignoring unknown property [maxFileSize] in [ch.qos.logback.core.rolling.TimeBasedRollingPolicy]
15:42:04,018 |-INFO in c.q.l.core.rolling.TimeBasedRollingPolicy@730583371 - No compression will be used
15:42:04,020 |-INFO in c.q.l.core.rolling.TimeBasedRollingPolicy@730583371 - Will use the pattern logs/app.%d{yyyy-MM-dd}.log for the active file
15:42:04,024 |-INFO in c.q.l.core.rolling.DefaultTimeBasedFileNamingAndTriggeringPolicy - The date pattern is 'yyyy-MM-dd' from file name pattern 'logs/app.%d{yyyy-MM-dd}.log'.
15:42:04,024 |-INFO in c.q.l.core.rolling.DefaultTimeBasedFileNamingAndTriggeringPolicy - Roll-over at midnight.
15:42:04,026 |-INFO in c.q.l.core.rolling.DefaultTimeBasedFileNamingAndTriggeringPolicy - Setting initial period to 2025-04-02T09:59:19.745Z
15:42:04,027 |-INFO in ch.qos.logback.core.model.processor.ImplicitModelHandler - Assuming default type [ch.qos.logback.classic.encoder.PatternLayoutEncoder] for [encoder] property
15:42:04,030 |-INFO in ch.qos.logback.core.rolling.RollingFileAppender[ROLLING_FILE] - Active log file name: logs/app.log
15:42:04,030 |-INFO in ch.qos.logback.core.rolling.RollingFileAppender[ROLLING_FILE] - File property is set to [logs/app.log]
15:42:04,032 |-INFO in ch.qos.logback.classic.model.processor.RootLoggerModelHandler - Setting level of ROOT logger to INFO
15:42:04,033 |-INFO in ch.qos.logback.classic.jul.LevelChangePropagator@5f13be1 - Propagating INFO level on Logger[ROOT] onto the JUL framework
15:42:04,034 |-INFO in ch.qos.logback.core.model.processor.AppenderRefModelHandler - Attaching appender named [CONSOLE] to Logger[ROOT]
15:42:04,034 |-INFO in ch.qos.logback.core.model.processor.AppenderRefModelHandler - Attaching appender named [ROLLING_FILE] to Logger[ROOT]
15:42:04,034 |-INFO in ch.qos.logback.core.model.processor.DefaultProcessor@5f303ecd - End of configuration.
15:42:04,034 |-INFO in org.springframework.boot.logging.logback.SpringBootJoranConfigurator@50d3bf39 - Registering current configuration as safe fallback point


  .   ____          _            __ _ _
 /\\ / ___'_ __ _ _(_)_ __  __ _ \ \ \ \
( ( )\___ | '_ | '_| | '_ \/ _` | \ \ \ \
 \\/  ___)| |_)| | | | | || (_| |  ) ) ) )
  '  |____| .__|_| |_|_| |_\__, | / / / /
 =========|_|==============|___/=/_/_/_/

 :: Spring Boot ::                (v3.4.3)

2025-04-02 15:42:04 INFO  [background-preinit] o.h.validator.internal.util.Version - HV000001: Hibernate Validator 8.0.2.Final
2025-04-02 15:42:04 INFO  [main] c.u.a.controller.AuthControllerTest - Starting AuthControllerTest using Java 17.0.10 with PID 61044 (started by pritam.singh in C:\Users\pritam.singh\Desktop\usercrud)
2025-04-02 15:42:04 DEBUG [main] c.u.a.controller.AuthControllerTest - Running with Spring Boot v3.4.3, Spring v6.2.3
2025-04-02 15:42:04 INFO  [main] c.u.a.controller.AuthControllerTest - No active profile set, falling back to 1 default profile: "default"
2025-04-02 15:42:09 INFO  [main] o.s.s.c.a.a.c.InitializeUserDetailsBeanManagerConfigurer$InitializeUserDetailsManagerConfigurer - Global AuthenticationManager configured with UserDetailsService bean with name inMemoryUserDetailsManager
2025-04-02 15:42:10 INFO  [main] o.s.b.t.m.w.SpringBootMockServletContext - Initializing Spring TestDispatcherServlet ''
2025-04-02 15:42:10 INFO  [main] o.s.t.w.s.TestDispatcherServlet - Initializing Servlet ''
2025-04-02 15:42:10 INFO  [main] o.s.t.w.s.TestDispatcherServlet - Completed initialization in 4 ms
2025-04-02 15:42:10 INFO  [main] c.u.a.controller.AuthControllerTest - Started AuthControllerTest in 6.976 seconds (process running for 9.301)
2025-04-02 15:42:10 INFO  [main] c.user.api.controller.AuthController - Login request for email: celvin.kelin@example.co.in
]]></system-out>
  </testcase>
  <testcase name="validateToken_shouldReturnValidResponse" classname="com.user.api.controller.AuthControllerTest" time="0.153"/>
  <testcase name="logout_shouldInvalidateToken" classname="com.user.api.controller.AuthControllerTest" time="0.031"/>
  <testcase name="forgotPassword_shouldReturnResetToken" classname="com.user.api.controller.AuthControllerTest" time="0.022"/>
  <testcase name="login_success_shouldReturnJwtToken" classname="com.user.api.controller.AuthControllerTest" time="0.027">
    <system-out><![CDATA[2025-04-02 15:42:10 INFO  [main] c.user.api.controller.AuthController - Login request for email: celvin.kelin@example.co.in
2025-04-02 15:42:10 INFO  [main] c.user.api.controller.AuthController - Token issued for: celvin.kelin@example.co.in
]]></system-out>
  </testcase>
</testsuite>